<?xml version="1.0" encoding="UTF-8"?>
<!-- Generated by org.testng.reporters.JUnitReportReporter -->
<testsuite hostname="Bedis-MacBook-Pro.local" failures="0" tests="2" name="com.mystore.testscripts.IndexPageTest" time="10.986" errors="0" timestamp="2022-01-14T23:56:34 GMT-08:00" skipped="0">
  <testcase classname="com.mystore.testscripts.IndexPageTest" name="verifyStoreLogo" time="4.254"/>
  <system-out/>
  <testcase classname="com.mystore.testscripts.IndexPageTest" name="verifyTitle" time="6.732"/>
  <system-out/>
</testsuite> <!-- com.mystore.testscripts.IndexPageTest -->
